#
# A fatal error has been detected by the Java Runtime Environment:
#
#  EXCEPTION_ACCESS_VIOLATION (0xc0000005) at pc=0x000000000ca4c280, pid=12664, tid=8616
#
# JRE version: Java(TM) SE Runtime Environment (7.0_79-b15) (build 1.7.0_79-b15)
# Java VM: Java HotSpot(TM) 64-Bit Server VM (24.79-b02 mixed mode windows-amd64 compressed oops)
# Problematic frame:
# C  0x000000000ca4c280
#
# Failed to write core dump. Minidumps are not enabled by default on client versions of Windows
#
# If you would like to submit a bug report, please visit:
#   http://bugreport.java.com/bugreport/crash.jsp
#

---------------  T H R E A D  ---------------

Current thread (0x000000000b01d000):  JavaThread "C2 CompilerThread1" daemon [_thread_in_native, id=8616, stack(0x000000000c950000,0x000000000ca50000)]

siginfo: ExceptionCode=0xc0000005, ExceptionInformation=0x0000000000000008 0x000000000ca4c280

Registers:
RAX=0x00000000030a1420, RBX=0x000000000ca4c1b9, RCX=0x000000000ca4c1e0, RDX=0x00000000000000c2
RSP=0x000000000ca4c148, RBP=0x000000000ca4ea20, RSI=0x000000000e295df0, RDI=0x00000000704c722b
R8 =0x000000000000000a, R9 =0xffffffffffffffff, R10=0x0000000000000056, R11=0x00000000030a142b
R12=0xffffffffffffffd0, R13=0x0000000000000000, R14=0x000000000e296218, R15=0x00000000ffffffff
RIP=0x000000000ca4c280, EFLAGS=0x0000000000010202

Top of Stack: (sp=0x000000000ca4c148)
0x000000000ca4c148:   000000000ca4c1b9 000000000ca4ea20
0x000000000ca4c158:   000000000e295df0 00000000000000a8
0x000000000ca4c168:   000000007049fb40 000000000e295f00
0x000000000ca4c178:   00007ffcb8f7cd3c 0000000000000002
0x000000000ca4c188:   000000000e295f00 000000000e296c98
0x000000000ca4c198:   00000000153c8c08 00000000106b99a0
0x000000000ca4c1a8:   00000000700ad2aa 0000000000b47490
0x000000000ca4c1b8:   00000000700acdb3 0000000000000005
0x000000000ca4c1c8:   00000000000083b0 000000000e296218
0x000000000ca4c1d8:   0000000000000000 0000000070574df0
0x000000000ca4c1e8:   000000000ca4c2d8 00000000030a1420
0x000000000ca4c1f8:   00000000030a16e0 00000000030a142b
0x000000000ca4c208:   000000000ca4c3a8 000000000ca4c320
0x000000000ca4c218:   00000000704067b3 00000000030a2700
0x000000000ca4c228:   000000000e297380 000000000ca4ea20
0x000000000ca4c238:   000000000e297380 0000000000000000 

Instructions: (pc=0x000000000ca4c280)
0x000000000ca4c260:   98 6c 29 0e 00 00 00 00 90 74 3c 15 00 00 00 00
0x000000000ca4c270:   02 00 00 00 10 00 00 00 00 00 00 00 00 00 00 00
0x000000000ca4c280:   b0 1e 56 70 00 00 00 00 a0 17 0a 03 00 00 00 00
0x000000000ca4c290:   00 00 00 00 00 00 00 00 a0 17 0a 03 00 00 00 00 


Register to memory mapping:

RAX=0x00000000030a1420 is at code_begin+0 in 
[CodeBlob (0x00000000030a13d0)]
Framesize: 0
BufferBlob (0x00000000030a13d0) used for Compile::scratch_buffer
RBX=0x000000000ca4c1b9 is pointing into the stack for thread: 0x000000000b01d000
RCX=0x000000000ca4c1e0 is pointing into the stack for thread: 0x000000000b01d000
RDX=0x00000000000000c2 is an unknown value
RSP=0x000000000ca4c148 is pointing into the stack for thread: 0x000000000b01d000
RBP=0x000000000ca4ea20 is pointing into the stack for thread: 0x000000000b01d000
RSI=0x000000000e295df0 is an unknown value
RDI=0x00000000704c722b is an unknown value
R8 =0x000000000000000a is an unknown value
R9 =0xffffffffffffffff is an unknown value
R10=0x0000000000000056 is an unknown value
R11=0x00000000030a142b is at code_begin+11 in 
[CodeBlob (0x00000000030a13d0)]
Framesize: 0
BufferBlob (0x00000000030a13d0) used for Compile::scratch_buffer
R12=0xffffffffffffffd0 is an unknown value
R13=0x0000000000000000 is an unknown value
R14=0x000000000e296218 is an unknown value
R15=0x00000000ffffffff is an unknown value


Stack: [0x000000000c950000,0x000000000ca50000],  sp=0x000000000ca4c148,  free space=1008k
Native frames: (J=compiled Java code, j=interpreted, Vv=VM code, C=native code)
C  0x000000000ca4c280


Current CompileTask:
C2:14878870 1595             com.mysql.jdbc.ConnectionImpl::checkClosed (12 bytes)


---------------  P R O C E S S  ---------------

Java Threads: ( => current thread )
  0x0000000011b46000 JavaThread "735994700@qtp-266074358-4" [_thread_in_native, id=16204, stack(0x000000001ae10000,0x000000001af10000)]
  0x0000000011b44800 JavaThread "789528491@qtp-266074358-3" [_thread_in_native, id=3636, stack(0x000000001ad10000,0x000000001ae10000)]
  0x0000000014ede800 JavaThread "22538252@qtp-266074358-2" [_thread_in_native, id=15308, stack(0x000000001ac10000,0x000000001ad10000)]
  0x0000000014edd800 JavaThread "Timer-1" daemon [_thread_blocked, id=11248, stack(0x000000001a910000,0x000000001aa10000)]
  0x0000000014eda800 JavaThread "startQuertz_QuartzSchedulerThread" [_thread_blocked, id=8116, stack(0x000000001a810000,0x000000001a910000)]
  0x0000000014edc800 JavaThread "startQuertz_Worker-10" [_thread_blocked, id=10148, stack(0x000000001a710000,0x000000001a810000)]
  0x0000000014ee1800 JavaThread "startQuertz_Worker-9" [_thread_blocked, id=10372, stack(0x000000001a610000,0x000000001a710000)]
  0x0000000014edc000 JavaThread "startQuertz_Worker-8" [_thread_blocked, id=14484, stack(0x000000001a510000,0x000000001a610000)]
  0x0000000014ee0800 JavaThread "startQuertz_Worker-7" [_thread_blocked, id=9044, stack(0x000000001a410000,0x000000001a510000)]
  0x0000000014edb000 JavaThread "startQuertz_Worker-6" [_thread_blocked, id=18172, stack(0x000000001a310000,0x000000001a410000)]
  0x0000000014ee0000 JavaThread "startQuertz_Worker-5" [_thread_blocked, id=15300, stack(0x000000001a210000,0x000000001a310000)]
  0x000000001801c800 JavaThread "startQuertz_Worker-4" [_thread_blocked, id=9456, stack(0x000000001a110000,0x000000001a210000)]
  0x00000000114fe000 JavaThread "startQuertz_Worker-3" [_thread_blocked, id=9316, stack(0x000000001a010000,0x000000001a110000)]
  0x000000000dd09000 JavaThread "startQuertz_Worker-2" [_thread_blocked, id=10480, stack(0x0000000015f80000,0x0000000016080000)]
  0x0000000013480800 JavaThread "startQuertz_Worker-1" [_thread_blocked, id=8232, stack(0x0000000015e80000,0x0000000015f80000)]
  0x00000000149ff800 JavaThread "NioSocketAcceptor-2" [_thread_in_native, id=9160, stack(0x0000000015d80000,0x0000000015e80000)]
  0x000000001289f800 JavaThread "MongoCleaner792495796" daemon [_thread_blocked, id=15804, stack(0x000000000ffb0000,0x00000000100b0000)]
  0x000000000d3d4000 JavaThread "Prototyper" daemon [_thread_blocked, id=9628, stack(0x000000000feb0000,0x000000000ffb0000)]
  0x0000000010fb4000 JavaThread "HouseKeeper" daemon [_thread_blocked, id=12404, stack(0x000000000fdb0000,0x000000000feb0000)]
  0x000000000ed36000 JavaThread "Timer-0" daemon [_thread_blocked, id=7172, stack(0x000000000faf0000,0x000000000fbf0000)]
  0x000000000e0be800 JavaThread "121602950@qtp-266074358-1 - Acceptor0 SelectChannelConnector@0.0.0.0:8884" [_thread_in_native, id=13300, stack(0x000000000f8f0000,0x000000000f9f0000)]
  0x000000000b018800 JavaThread "Service Thread" daemon [_thread_blocked, id=788, stack(0x000000000ca50000,0x000000000cb50000)]
=>0x000000000b01d000 JavaThread "C2 CompilerThread1" daemon [_thread_in_native, id=8616, stack(0x000000000c950000,0x000000000ca50000)]
  0x000000000b017800 JavaThread "C2 CompilerThread0" daemon [_thread_blocked, id=4420, stack(0x000000000c850000,0x000000000c950000)]
  0x000000000b003800 JavaThread "JDWP Event Helper Thread" daemon [_thread_blocked, id=11032, stack(0x000000000c650000,0x000000000c750000)]
  0x000000000afef000 JavaThread "Attach Listener" daemon [_thread_blocked, id=2536, stack(0x000000000c450000,0x000000000c550000)]
  0x000000000afeb800 JavaThread "Signal Dispatcher" daemon [_thread_blocked, id=14768, stack(0x000000000c350000,0x000000000c450000)]
  0x000000000af9f000 JavaThread "Finalizer" daemon [_thread_blocked, id=8628, stack(0x000000000c250000,0x000000000c350000)]
  0x000000000af96000 JavaThread "Reference Handler" daemon [_thread_blocked, id=18292, stack(0x000000000c150000,0x000000000c250000)]
  0x0000000000b4e000 JavaThread "main" [_thread_blocked, id=8564, stack(0x0000000002790000,0x0000000002890000)]

Other Threads:
  0x000000000af91000 VMThread [stack: 0x000000000c050000,0x000000000c150000] [id=12104]
  0x000000000b038800 WatcherThread [stack: 0x000000000cb50000,0x000000000cc50000] [id=7860]

VM state:not at safepoint (normal execution)

VM Mutex/Monitor currently owned by a thread: None

Heap
 PSYoungGen      total 264192K, used 70914K [0x00000007d5e80000, 0x00000007e8800000, 0x0000000800000000)
  eden space 235008K, 17% used [0x00000007d5e80000,0x00000007d8769408,0x00000007e4400000)
  from space 29184K, 99% used [0x00000007e4e80000,0x00000007e6ad7458,0x00000007e6b00000)
  to   space 29696K, 0% used [0x00000007e6b00000,0x00000007e6b00000,0x00000007e8800000)
 ParOldGen       total 86016K, used 37063K [0x0000000781c00000, 0x0000000787000000, 0x00000007d5e80000)
  object space 86016K, 43% used [0x0000000781c00000,0x0000000784031db8,0x0000000787000000)
 PSPermGen       total 54784K, used 54620K [0x000000077ca00000, 0x000000077ff80000, 0x0000000781c00000)
  object space 54784K, 99% used [0x000000077ca00000,0x000000077ff573b0,0x000000077ff80000)

Card table byte_map: [0x0000000005db0000,0x00000000061d0000] byte_map_base: 0x00000000021cb000

Polling page: 0x0000000000b30000

Code Cache  [0x0000000002db0000, 0x00000000034c0000, 0x0000000005db0000)
 total_blobs=1860 nmethods=1431 adapters=386 free_code_cache=42570Kb largest_free_block=42982400

Compilation events (10 events):
Event: 12701.731 Thread 0x000000000b01d000 1591             org.apache.log4j.helpers.AppenderAttachableImpl::appendLoopOnAppenders (54 bytes)
Event: 12701.794 Thread 0x000000000b017800 nmethod 1590 0x00000000033d1990 code [0x00000000033d1d00, 0x00000000033d4fd0]
Event: 12701.807 Thread 0x000000000b01d000 nmethod 1591 0x00000000033c7c50 code [0x00000000033c8040, 0x00000000033cbdf0]
Event: 13023.814 Thread 0x000000000b017800 1592             org.mortbay.io.nio.SelectorManager::access$000 (4 bytes)
Event: 13023.815 Thread 0x000000000b017800 nmethod 1592 0x0000000002e979d0 code [0x0000000002e97b00, 0x0000000002e97b38]
Event: 13835.966 Thread 0x000000000b01d000 1593             com.mysql.jdbc.Buffer::fastSkipLenString (20 bytes)
Event: 13835.970 Thread 0x000000000b01d000 nmethod 1593 0x0000000002e2b350 code [0x0000000002e2b4c0, 0x0000000002e2b668]
Event: 13996.490 Thread 0x000000000b017800 1594             com.mysql.jdbc.MysqlIO::adjustStartForFieldLength (47 bytes)
Event: 13996.491 Thread 0x000000000b017800 nmethod 1594 0x0000000002e2cf90 code [0x0000000002e2d0c0, 0x0000000002e2d158]
Event: 14877.889 Thread 0x000000000b01d000 1595             com.mysql.jdbc.ConnectionImpl::checkClosed (12 bytes)

GC Heap History (10 events):
Event: 3.382 GC heap before
{Heap before GC invocations=5 (full 0):
 PSYoungGen      total 71680K, used 71656K [0x00000007d5e80000, 0x00000007da980000, 0x0000000800000000)
  eden space 66560K, 100% used [0x00000007d5e80000,0x00000007d9f80000,0x00000007d9f80000)
  from space 5120K, 99% used [0x00000007da480000,0x00000007da97a190,0x00000007da980000)
  to   space 5120K, 0% used [0x00000007d9f80000,0x00000007d9f80000,0x00000007da480000)
 ParOldGen       total 86016K, used 6376K [0x0000000781c00000, 0x0000000787000000, 0x00000007d5e80000)
  object space 86016K, 7% used [0x0000000781c00000,0x000000078223a138,0x0000000787000000)
 PSPermGen       total 21504K, used 17002K [0x000000077ca00000, 0x000000077df00000, 0x0000000781c00000)
  object space 21504K, 79% used [0x000000077ca00000,0x000000077da9a8b8,0x000000077df00000)
Event: 3.392 GC heap after
Heap after GC invocations=5 (full 0):
 PSYoungGen      total 71680K, used 5112K [0x00000007d5e80000, 0x00000007df780000, 0x0000000800000000)
  eden space 66560K, 0% used [0x00000007d5e80000,0x00000007d5e80000,0x00000007d9f80000)
  from space 5120K, 99% used [0x00000007d9f80000,0x00000007da47e010,0x00000007da480000)
  to   space 11776K, 0% used [0x00000007dec00000,0x00000007dec00000,0x00000007df780000)
 ParOldGen       total 86016K, used 12055K [0x0000000781c00000, 0x0000000787000000, 0x00000007d5e80000)
  object space 86016K, 14% used [0x0000000781c00000,0x00000007827c5f18,0x0000000787000000)
 PSPermGen       total 21504K, used 17002K [0x000000077ca00000, 0x000000077df00000, 0x0000000781c00000)
  object space 21504K, 79% used [0x000000077ca00000,0x000000077da9a8b8,0x000000077df00000)
}
Event: 4.355 GC heap before
{Heap before GC invocations=6 (full 0):
 PSYoungGen      total 71680K, used 71672K [0x00000007d5e80000, 0x00000007df780000, 0x0000000800000000)
  eden space 66560K, 100% used [0x00000007d5e80000,0x00000007d9f80000,0x00000007d9f80000)
  from space 5120K, 99% used [0x00000007d9f80000,0x00000007da47e010,0x00000007da480000)
  to   space 11776K, 0% used [0x00000007dec00000,0x00000007dec00000,0x00000007df780000)
 ParOldGen       total 86016K, used 12055K [0x0000000781c00000, 0x0000000787000000, 0x00000007d5e80000)
  object space 86016K, 14% used [0x0000000781c00000,0x00000007827c5f18,0x0000000787000000)
 PSPermGen       total 21504K, used 21002K [0x000000077ca00000, 0x000000077df00000, 0x0000000781c00000)
  object space 21504K, 97% used [0x000000077ca00000,0x000000077de82948,0x000000077df00000)
Event: 4.373 GC heap after
Heap after GC invocations=6 (full 0):
 PSYoungGen      total 137728K, used 11756K [0x00000007d5e80000, 0x00000007e0580000, 0x0000000800000000)
  eden space 125952K, 0% used [0x00000007d5e80000,0x00000007d5e80000,0x00000007dd980000)
  from space 11776K, 99% used [0x00000007dec00000,0x00000007df77b0e8,0x00000007df780000)
  to   space 18944K, 0% used [0x00000007dd980000,0x00000007dd980000,0x00000007dec00000)
 ParOldGen       total 86016K, used 21984K [0x0000000781c00000, 0x0000000787000000, 0x00000007d5e80000)
  object space 86016K, 25% used [0x0000000781c00000,0x0000000783178038,0x0000000787000000)
 PSPermGen       total 21504K, used 21002K [0x000000077ca00000, 0x000000077df00000, 0x0000000781c00000)
  object space 21504K, 97% used [0x000000077ca00000,0x000000077de82948,0x000000077df00000)
}
Event: 7.542 GC heap before
{Heap before GC invocations=7 (full 0):
 PSYoungGen      total 137728K, used 137708K [0x00000007d5e80000, 0x00000007e0580000, 0x0000000800000000)
  eden space 125952K, 100% used [0x00000007d5e80000,0x00000007dd980000,0x00000007dd980000)
  from space 11776K, 99% used [0x00000007dec00000,0x00000007df77b0e8,0x00000007df780000)
  to   space 18944K, 0% used [0x00000007dd980000,0x00000007dd980000,0x00000007dec00000)
 ParOldGen       total 86016K, used 21984K [0x0000000781c00000, 0x0000000787000000, 0x00000007d5e80000)
  object space 86016K, 25% used [0x0000000781c00000,0x0000000783178038,0x0000000787000000)
 PSPermGen       total 27648K, used 27334K [0x000000077ca00000, 0x000000077e500000, 0x0000000781c00000)
  object space 27648K, 98% used [0x000000077ca00000,0x000000077e4b1870,0x000000077e500000)
Event: 7.563 GC heap after
Heap after GC invocations=7 (full 0):
 PSYoungGen      total 144896K, used 18920K [0x00000007d5e80000, 0x00000007e8380000, 0x0000000800000000)
  eden space 125952K, 0% used [0x00000007d5e80000,0x00000007d5e80000,0x00000007dd980000)
  from space 18944K, 99% used [0x00000007dd980000,0x00000007debfa3e8,0x00000007dec00000)
  to   space 24064K, 0% used [0x00000007e6c00000,0x00000007e6c00000,0x00000007e8380000)
 ParOldGen       total 86016K, used 25359K [0x0000000781c00000, 0x0000000787000000, 0x00000007d5e80000)
  object space 86016K, 29% used [0x0000000781c00000,0x00000007834c3ee0,0x0000000787000000)
 PSPermGen       total 27648K, used 27334K [0x000000077ca00000, 0x000000077e500000, 0x0000000781c00000)
  object space 27648K, 98% used [0x000000077ca00000,0x000000077e4b1870,0x000000077e500000)
}
Event: 9.272 GC heap before
{Heap before GC invocations=8 (full 0):
 PSYoungGen      total 144896K, used 144872K [0x00000007d5e80000, 0x00000007e8380000, 0x0000000800000000)
  eden space 125952K, 100% used [0x00000007d5e80000,0x00000007dd980000,0x00000007dd980000)
  from space 18944K, 99% used [0x00000007dd980000,0x00000007debfa3e8,0x00000007dec00000)
  to   space 24064K, 0% used [0x00000007e6c00000,0x00000007e6c00000,0x00000007e8380000)
 ParOldGen       total 86016K, used 25359K [0x0000000781c00000, 0x0000000787000000, 0x00000007d5e80000)
  object space 86016K, 29% used [0x0000000781c00000,0x00000007834c3ee0,0x0000000787000000)
 PSPermGen       total 40448K, used 40333K [0x000000077ca00000, 0x000000077f180000, 0x0000000781c00000)
  object space 40448K, 99% used [0x000000077ca00000,0x000000077f1634e8,0x000000077f180000)
Event: 9.299 GC heap after
Heap after GC invocations=8 (full 0):
 PSYoungGen      total 269824K, used 24046K [0x00000007d5e80000, 0x00000007e8f80000, 0x0000000800000000)
  eden space 245760K, 0% used [0x00000007d5e80000,0x00000007d5e80000,0x00000007e4e80000)
  from space 24064K, 99% used [0x00000007e6c00000,0x00000007e837bb30,0x00000007e8380000)
  to   space 30208K, 0% used [0x00000007e4e80000,0x00000007e4e80000,0x00000007e6c00000)
 ParOldGen       total 86016K, used 30242K [0x0000000781c00000, 0x0000000787000000, 0x00000007d5e80000)
  object space 86016K, 35% used [0x0000000781c00000,0x0000000783988a80,0x0000000787000000)
 PSPermGen       total 40448K, used 40333K [0x000000077ca00000, 0x000000077f180000, 0x0000000781c00000)
  object space 40448K, 99% used [0x000000077ca00000,0x000000077f1634e8,0x000000077f180000)
}
Event: 12111.193 GC heap before
{Heap before GC invocations=9 (full 0):
 PSYoungGen      total 269824K, used 269806K [0x00000007d5e80000, 0x00000007e8f80000, 0x0000000800000000)
  eden space 245760K, 100% used [0x00000007d5e80000,0x00000007e4e80000,0x00000007e4e80000)
  from space 24064K, 99% used [0x00000007e6c00000,0x00000007e837bb30,0x00000007e8380000)
  to   space 30208K, 0% used [0x00000007e4e80000,0x00000007e4e80000,0x00000007e6c00000)
 ParOldGen       total 86016K, used 30242K [0x0000000781c00000, 0x0000000787000000, 0x00000007d5e80000)
  object space 86016K, 35% used [0x0000000781c00000,0x0000000783988a80,0x0000000787000000)
 PSPermGen       total 53248K, used 52852K [0x000000077ca00000, 0x000000077fe00000, 0x0000000781c00000)
  object space 53248K, 99% used [0x000000077ca00000,0x000000077fd9d258,0x000000077fe00000)
Event: 12111.229 GC heap after
Heap after GC invocations=9 (full 0):
 PSYoungGen      total 264192K, used 29021K [0x00000007d5e80000, 0x00000007e8800000, 0x0000000800000000)
  eden space 235008K, 0% used [0x00000007d5e80000,0x00000007d5e80000,0x00000007e4400000)
  from space 29184K, 99% used [0x00000007e4e80000,0x00000007e6ad7458,0x00000007e6b00000)
  to   space 29696K, 0% used [0x00000007e6b00000,0x00000007e6b00000,0x00000007e8800000)
 ParOldGen       total 86016K, used 37063K [0x0000000781c00000, 0x0000000787000000, 0x00000007d5e80000)
  object space 86016K, 43% used [0x0000000781c00000,0x0000000784031db8,0x0000000787000000)
 PSPermGen       total 53248K, used 52852K [0x000000077ca00000, 0x000000077fe00000, 0x0000000781c00000)
  object space 53248K, 99% used [0x000000077ca00000,0x000000077fd9d258,0x000000077fe00000)
}

Deoptimization events (10 events):
Event: 12111.452 Thread 0x0000000011b42000 Uncommon trap: reason=class_check action=maybe_recompile pc=0x0000000002f8488c method=java.util.Hashtable.clone()Ljava/lang/Object; @ 4
Event: 12111.512 Thread 0x000000000eef6800 Uncommon trap: reason=unreached action=reinterpret pc=0x0000000002e9bb8c method=java.util.HashMap.getEntry(Ljava/lang/Object;)Ljava/util/HashMap$Entry; @ 10
Event: 12111.529 Thread 0x000000000eef6800 Uncommon trap: reason=unhandled action=none pc=0x0000000003268168 method=java.net.URLClassLoader$1.run()Ljava/lang/Class; @ 72
Event: 12111.529 Thread 0x000000000eef6800 Uncommon trap: reason=unhandled action=none pc=0x0000000003268168 method=java.net.URLClassLoader$1.run()Ljava/lang/Class; @ 72
Event: 12111.532 Thread 0x000000000eef6800 Uncommon trap: reason=unhandled action=none pc=0x0000000003268168 method=java.net.URLClassLoader$1.run()Ljava/lang/Class; @ 72
Event: 12111.532 Thread 0x000000000eef6800 Uncommon trap: reason=unhandled action=none pc=0x0000000003268168 method=java.net.URLClassLoader$1.run()Ljava/lang/Class; @ 72
Event: 12111.533 Thread 0x000000000eef6800 Uncommon trap: reason=unhandled action=none pc=0x0000000003268168 method=java.net.URLClassLoader$1.run()Ljava/lang/Class; @ 72
Event: 12111.533 Thread 0x000000000eef6800 Uncommon trap: reason=unhandled action=none pc=0x0000000003268168 method=java.net.URLClassLoader$1.run()Ljava/lang/Class; @ 72
Event: 14877.859 Thread 0x0000000011b44800 Uncommon trap: reason=class_check action=maybe_recompile pc=0x0000000002ef7558 method=java.util.regex.Pattern$7.isSatisfiedBy(I)Z @ 5
Event: 14877.859 Thread 0x0000000011b46000 Uncommon trap: reason=class_check action=maybe_recompile pc=0x0000000002ef7558 method=java.util.regex.Pattern$7.isSatisfiedBy(I)Z @ 5

Internal exceptions (10 events):
Event: 14877.863 Thread 0x0000000011b46000 Threw 0x00000007d85ff280 at C:\re\jdk7u79\2331\hotspot\src\share\vm\prims\jni.cpp:717
Event: 14877.863 Thread 0x0000000011b46000 Threw 0x00000007d85ff888 at C:\re\jdk7u79\2331\hotspot\src\share\vm\prims\jni.cpp:717
Event: 14877.886 Thread 0x0000000011b46000 Threw 0x00000007d8604168 at C:\re\jdk7u79\2331\hotspot\src\share\vm\prims\jni.cpp:717
Event: 14877.887 Thread 0x0000000011b46000 Threw 0x00000007d8604770 at C:\re\jdk7u79\2331\hotspot\src\share\vm\prims\jni.cpp:717
Event: 14877.888 Thread 0x0000000011b46000 Threw 0x00000007d860ddc0 at C:\re\jdk7u79\2331\hotspot\src\share\vm\prims\jni.cpp:717
Event: 14877.888 Thread 0x0000000011b46000 Threw 0x00000007d860e3c8 at C:\re\jdk7u79\2331\hotspot\src\share\vm\prims\jni.cpp:717
Event: 14877.888 Thread 0x0000000011b46000 Threw 0x00000007d8610f90 at C:\re\jdk7u79\2331\hotspot\src\share\vm\prims\jni.cpp:717
Event: 14877.888 Thread 0x0000000011b46000 Threw 0x00000007d8611498 at C:\re\jdk7u79\2331\hotspot\src\share\vm\prims\jni.cpp:717
Event: 14877.889 Thread 0x0000000011b44800 Threw 0x00000007d853c780 at C:\re\jdk7u79\2331\hotspot\src\share\vm\prims\jni.cpp:717
Event: 14877.889 Thread 0x0000000011b44800 Threw 0x00000007d853cd88 at C:\re\jdk7u79\2331\hotspot\src\share\vm\prims\jni.cpp:717

Events (10 events):
Event: 14877.863 Thread 0x0000000011b46000 DEOPT PACKING pc=0x00000000033d275c sp=0x000000001af09220
Event: 14877.863 Thread 0x0000000011b46000 DEOPT UNPACKING pc=0x0000000002de92b9 sp=0x000000001af08bf8 mode 1
Event: 14877.887 Thread 0x0000000011b46000 DEOPT PACKING pc=0x00000000033d275c sp=0x000000001af089c0
Event: 14877.887 Thread 0x0000000011b46000 DEOPT UNPACKING pc=0x0000000002de92b9 sp=0x000000001af08398 mode 1
Event: 14877.888 Thread 0x0000000011b46000 DEOPT PACKING pc=0x00000000033d275c sp=0x000000001af08f60
Event: 14877.888 Thread 0x0000000011b46000 DEOPT UNPACKING pc=0x0000000002de92b9 sp=0x000000001af08938 mode 1
Event: 14877.888 Thread 0x0000000011b46000 DEOPT PACKING pc=0x00000000033d275c sp=0x000000001af0a7f0
Event: 14877.888 Thread 0x0000000011b46000 DEOPT UNPACKING pc=0x0000000002de92b9 sp=0x000000001af0a1c8 mode 1
Event: 14877.889 Thread 0x0000000011b44800 DEOPT PACKING pc=0x00000000033d275c sp=0x000000001ae08ca0
Event: 14877.889 Thread 0x0000000011b44800 DEOPT UNPACKING pc=0x0000000002de92b9 sp=0x000000001ae08678 mode 1


Dynamic libraries:
0x00007ff7d3ca0000 - 0x00007ff7d3cd3000 	D:\java\jdk1.7.0\bin\javaw.exe
0x00007ffcbc1d0000 - 0x00007ffcbc3a1000 	C:\WINDOWS\SYSTEM32\ntdll.dll
0x00007ffcb99d0000 - 0x00007ffcb9a7b000 	C:\WINDOWS\System32\KERNEL32.DLL
0x00007ffcb8f30000 - 0x00007ffcb914d000 	C:\WINDOWS\System32\KERNELBASE.dll
0x00007ffcbbac0000 - 0x00007ffcbbb62000 	C:\WINDOWS\System32\ADVAPI32.dll
0x00007ffcbba20000 - 0x00007ffcbbabe000 	C:\WINDOWS\System32\msvcrt.dll
0x00007ffcbc110000 - 0x00007ffcbc169000 	C:\WINDOWS\System32\sechost.dll
0x00007ffcb98a0000 - 0x00007ffcb99c1000 	C:\WINDOWS\System32\RPCRT4.dll
0x00007ffcb9ae0000 - 0x00007ffcb9c45000 	C:\WINDOWS\System32\USER32.dll
0x00007ffcb8f10000 - 0x00007ffcb8f2e000 	C:\WINDOWS\System32\win32u.dll
0x00007ffcbb9d0000 - 0x00007ffcbba04000 	C:\WINDOWS\System32\GDI32.dll
0x00007ffcb94d0000 - 0x00007ffcb9652000 	C:\WINDOWS\System32\gdi32full.dll
0x00007ffca9a80000 - 0x00007ffca9cfa000 	C:\WINDOWS\WinSxS\amd64_microsoft.windows.common-controls_6595b64144ccf1df_6.0.14393.953_none_42151e83c686086b\COMCTL32.dll
0x00007ffcb9cf0000 - 0x00007ffcb9fb8000 	C:\WINDOWS\System32\combase.dll
0x00007ffcb8da0000 - 0x00007ffcb8e95000 	C:\WINDOWS\System32\ucrtbase.dll
0x00007ffcb8ea0000 - 0x00007ffcb8f0a000 	C:\WINDOWS\System32\bcryptPrimitives.dll
0x00007ffcb9cc0000 - 0x00007ffcb9cee000 	C:\WINDOWS\System32\IMM32.DLL
0x000000006ff20000 - 0x000000006fff2000 	D:\java\jdk1.7.0\jre\bin\msvcr100.dll
0x0000000070000000 - 0x00000000707d5000 	D:\java\jdk1.7.0\jre\bin\server\jvm.dll
0x00007ffcb9fc0000 - 0x00007ffcb9fc8000 	C:\WINDOWS\System32\PSAPI.DLL
0x00007ffcae9f0000 - 0x00007ffcae9f9000 	C:\WINDOWS\SYSTEM32\WSOCK32.dll
0x00007ffcb5890000 - 0x00007ffcb58b3000 	C:\WINDOWS\SYSTEM32\WINMM.dll
0x00007ffcb9c50000 - 0x00007ffcb9cba000 	C:\WINDOWS\System32\WS2_32.dll
0x00007ffcb5860000 - 0x00007ffcb588b000 	C:\WINDOWS\SYSTEM32\WINMMBASE.dll
0x00007ffcb9710000 - 0x00007ffcb9752000 	C:\WINDOWS\System32\cfgmgr32.dll
0x000000006ff10000 - 0x000000006ff1f000 	D:\java\jdk1.7.0\jre\bin\verify.dll
0x000000006fee0000 - 0x000000006ff08000 	D:\java\jdk1.7.0\jre\bin\java.dll
0x0000000070b00000 - 0x0000000070b35000 	D:\java\jdk1.7.0\jre\bin\jdwp.dll
0x0000000070af0000 - 0x0000000070af8000 	D:\java\jdk1.7.0\jre\bin\npt.dll
0x000000006fec0000 - 0x000000006fed5000 	D:\java\jdk1.7.0\jre\bin\zip.dll
0x0000000070ae0000 - 0x0000000070ae9000 	D:\java\jdk1.7.0\jre\bin\dt_socket.dll
0x00007ffca9050000 - 0x00007ffca9066000 	C:\WINDOWS\system32\napinsp.dll
0x00007ffca9070000 - 0x00007ffca908a000 	C:\WINDOWS\system32\pnrpnsp.dll
0x00007ffcb5ba0000 - 0x00007ffcb5bb8000 	C:\WINDOWS\system32\NLAapi.dll
0x00007ffcb7c00000 - 0x00007ffcb7c5c000 	C:\WINDOWS\System32\mswsock.dll
0x00007ffcb79c0000 - 0x00007ffcb7a61000 	C:\WINDOWS\SYSTEM32\DNSAPI.dll
0x00007ffcbc100000 - 0x00007ffcbc108000 	C:\WINDOWS\System32\NSI.dll
0x00007ffcb7980000 - 0x00007ffcb79b8000 	C:\WINDOWS\SYSTEM32\IPHLPAPI.DLL
0x00007ffca9090000 - 0x00007ffca909e000 	C:\WINDOWS\System32\winrnr.dll
0x00007ffcb16d0000 - 0x00007ffcb173a000 	C:\WINDOWS\System32\fwpuclnt.dll
0x00007ffcb8570000 - 0x00007ffcb859b000 	C:\WINDOWS\SYSTEM32\bcrypt.dll
0x00007ffcb0cc0000 - 0x00007ffcb0cca000 	C:\Windows\System32\rasadhlp.dll
0x000000006fea0000 - 0x000000006feba000 	D:\java\jdk1.7.0\jre\bin\net.dll
0x000000006fe80000 - 0x000000006fe91000 	D:\java\jdk1.7.0\jre\bin\nio.dll
0x00007ffcb4830000 - 0x00007ffcb4846000 	C:\WINDOWS\SYSTEM32\dhcpcsvc6.DLL
0x00007ffcb4810000 - 0x00007ffcb482a000 	C:\WINDOWS\SYSTEM32\dhcpcsvc.DLL
0x0000000070ad0000 - 0x0000000070adb000 	D:\java\jdk1.7.0\jre\bin\management.dll
0x00007ffcb82a0000 - 0x00007ffcb82b7000 	C:\WINDOWS\SYSTEM32\CRYPTSP.dll
0x00007ffcb7800000 - 0x00007ffcb7833000 	C:\WINDOWS\system32\rsaenh.dll
0x00007ffcb7a80000 - 0x00007ffcb7a9f000 	C:\WINDOWS\SYSTEM32\USERENV.dll
0x00007ffcb8630000 - 0x00007ffcb8644000 	C:\WINDOWS\System32\profapi.dll
0x00007ffcb8560000 - 0x00007ffcb856b000 	C:\WINDOWS\SYSTEM32\CRYPTBASE.dll
0x00007ffcb8100000 - 0x00007ffcb8292000 	C:\WINDOWS\SYSTEM32\dbghelp.dll

VM Arguments:
jvm_args: -agentlib:jdwp=transport=dt_socket,suspend=y,address=localhost:63627 -Dmaven.home=EMBEDDED -Dclassworlds.conf=D:\Bean\Workspace\.metadata\.plugins\org.eclipse.m2e.launching\launches\m2conf12404737189747551.tmp -Dmaven.multiModuleProjectDirectory=D:\Bean\Workspace\huaching-carlock-manager -Dfile.encoding=GBK 
java_command: org.codehaus.plexus.classworlds.launcher.Launcher -B -o
Launcher Type: SUN_STANDARD

Environment Variables:
JAVA_HOME=D:\java\jdk1.7.0
CLASSPATH=D:\java\jdk1.7.0\lib\dt.jar;D:\java\jdk1.7.0lib\tools.jar;
PATH=D:/java/jdk1.7.0/bin/../jre/bin/server;D:/java/jdk1.7.0/bin/../jre/bin;D:/java/jdk1.7.0/bin/../jre/lib/amd64;C:\WINDOWS\system32;C:\WINDOWS;C:\WINDOWS\System32\Wbem;C:\WINDOWS\System32\WindowsPowerShell\v1.0\;C:\Program Files (x86)\VideoLAN\VLC;D:\java\jdk1.7.0\bin;D:\java\jdk1.7.0\jre\bin;D:\java\apache-maven-3.1.0\bin;D:\java\apache-tomcat-7.0.12\bin;  ;C:\Users\huaching01160510\AppData\Local\Microsoft\WindowsApps;;D:\java\eclipse;
USERNAME=huaching01160510
OS=Windows_NT
PROCESSOR_IDENTIFIER=Intel64 Family 6 Model 60 Stepping 3, GenuineIntel



---------------  S Y S T E M  ---------------

OS: Windows 8.1 , 64 bit Build 9600 

CPU:total 4 (4 cores per cpu, 1 threads per core) family 6 model 60 stepping 3, cmov, cx8, fxsr, mmx, sse, sse2, sse3, ssse3, sse4.1, sse4.2, popcnt, avx, avx2, aes, erms, tsc, tscinvbit

Memory: 4k page, physical 8269268k(5306544k free), swap 9579988k(5268044k free)

vm_info: Java HotSpot(TM) 64-Bit Server VM (24.79-b02) for windows-amd64 JRE (1.7.0_79-b15), built on Apr 10 2015 12:36:16 by "java_re" with unknown MS VC++:1600

time: Fri May 05 22:29:39 2017
elapsed time: 14877 seconds

